<?xml version="1.0" encoding="UTF-8"?>
<!-- Generated by org.testng.reporters.JUnitReportReporter -->
<testsuite hostname="SARWAR" failures="0" tests="4" name="com.demacart.qa.testcases.RegisterTest" time="15.151" errors="0" timestamp="2024-09-19T01:23:37 IST" skipped="0">
  <testcase classname="com.demacart.qa.testcases.RegisterTest" name="verifyRegisterAnAccountWithMandatoryFields" time="3.827"/>
  <testcase classname="com.demacart.qa.testcases.RegisterTest" name="verifyRegisterAnAccountWithAllFields" time="3.887"/>
  <testcase classname="com.demacart.qa.testcases.RegisterTest" name="verifyRegisterAnAccountWithExistingEmailAddress" time="4.176"/>
  <testcase classname="com.demacart.qa.testcases.RegisterTest" name="verifyRegisterAnAccountWithoutFillingAnyDetails" time="3.261"/>
</testsuite> <!-- com.demacart.qa.testcases.RegisterTest -->
