<?xml version="1.0" encoding="UTF-8"?>
<!-- Generated by org.testng.reporters.JUnitReportReporter -->
<testsuite hostname="SARWAR" failures="0" tests="3" name="com.demacart.qa.testcases.LoginTest" time="10.216" errors="0" timestamp="2024-09-19T01:23:37 IST" skipped="0">
  <testcase classname="com.demacart.qa.testcases.LoginTest" name="verifyLoginWithValidCredentials" time="3.442"/>
  <testcase classname="com.demacart.qa.testcases.LoginTest" name="verifyLoginWithValidCredentials" time="3.580"/>
  <testcase classname="com.demacart.qa.testcases.LoginTest" name="verifyLoginWithInvalidCredentials" time="3.194"/>
</testsuite> <!-- com.demacart.qa.testcases.LoginTest -->
